#! /usr/bin/vvp
:ivl_version "12.0 (stable)";
:ivl_delay_selection "TYPICAL";
:vpi_time_precision + 0;
:vpi_module "/usr/lib/x86_64-linux-gnu/ivl/system.vpi";
:vpi_module "/usr/lib/x86_64-linux-gnu/ivl/vhdl_sys.vpi";
:vpi_module "/usr/lib/x86_64-linux-gnu/ivl/vhdl_textio.vpi";
:vpi_module "/usr/lib/x86_64-linux-gnu/ivl/v2005_math.vpi";
:vpi_module "/usr/lib/x86_64-linux-gnu/ivl/va_math.vpi";
S_0x576488609050 .scope module, "tb_full_adder" "tb_full_adder" 2 1;
 .timescale 0 0;
v0x57648861c9a0_0 .var "A", 0 0;
v0x57648861ca60_0 .var "B", 0 0;
v0x57648861cb30_0 .var "Cin", 0 0;
v0x57648861cc30_0 .net "Co", 0 0, L_0x57648861d250;  1 drivers
v0x57648861cd00_0 .net "S", 0 0, L_0x57648861cee0;  1 drivers
S_0x5764886091e0 .scope module, "uut" "full_adder" 2 6, 3 1 0, S_0x576488609050;
 .timescale 0 0;
    .port_info 0 /INPUT 1 "A";
    .port_info 1 /INPUT 1 "B";
    .port_info 2 /INPUT 1 "Cin";
    .port_info 3 /OUTPUT 1 "S";
    .port_info 4 /OUTPUT 1 "Co";
L_0x57648861cda0 .functor XOR 1, v0x57648861c9a0_0, v0x57648861ca60_0, C4<0>, C4<0>;
L_0x57648861cee0 .functor XOR 1, L_0x57648861cda0, v0x57648861cb30_0, C4<0>, C4<0>;
L_0x57648861d040 .functor AND 1, v0x57648861c9a0_0, v0x57648861ca60_0, C4<1>, C4<1>;
L_0x57648861d0b0 .functor XOR 1, v0x57648861c9a0_0, v0x57648861ca60_0, C4<0>, C4<0>;
L_0x57648861d1e0 .functor AND 1, v0x57648861cb30_0, L_0x57648861d0b0, C4<1>, C4<1>;
L_0x57648861d250 .functor OR 1, L_0x57648861d040, L_0x57648861d1e0, C4<0>, C4<0>;
v0x5764886093c0_0 .net "A", 0 0, v0x57648861c9a0_0;  1 drivers
v0x57648861c250_0 .net "B", 0 0, v0x57648861ca60_0;  1 drivers
v0x57648861c310_0 .net "Cin", 0 0, v0x57648861cb30_0;  1 drivers
v0x57648861c3b0_0 .net "Co", 0 0, L_0x57648861d250;  alias, 1 drivers
v0x57648861c470_0 .net "S", 0 0, L_0x57648861cee0;  alias, 1 drivers
v0x57648861c580_0 .net *"_ivl_0", 0 0, L_0x57648861cda0;  1 drivers
v0x57648861c660_0 .net *"_ivl_4", 0 0, L_0x57648861d040;  1 drivers
v0x57648861c740_0 .net *"_ivl_6", 0 0, L_0x57648861d0b0;  1 drivers
v0x57648861c820_0 .net *"_ivl_8", 0 0, L_0x57648861d1e0;  1 drivers
    .scope S_0x576488609050;
T_0 ;
    %vpi_call 2 14 "$dumpfile", "full_adder.vcd" {0 0 0};
    %vpi_call 2 15 "$dumpvars", 32'sb00000000000000000000000000000000, S_0x576488609050 {0 0 0};
    %pushi/vec4 0, 0, 1;
    %store/vec4 v0x57648861c9a0_0, 0, 1;
    %pushi/vec4 0, 0, 1;
    %store/vec4 v0x57648861ca60_0, 0, 1;
    %pushi/vec4 0, 0, 1;
    %store/vec4 v0x57648861cb30_0, 0, 1;
    %delay 10, 0;
    %pushi/vec4 0, 0, 1;
    %store/vec4 v0x57648861c9a0_0, 0, 1;
    %pushi/vec4 0, 0, 1;
    %store/vec4 v0x57648861ca60_0, 0, 1;
    %pushi/vec4 1, 0, 1;
    %store/vec4 v0x57648861cb30_0, 0, 1;
    %delay 10, 0;
    %pushi/vec4 0, 0, 1;
    %store/vec4 v0x57648861c9a0_0, 0, 1;
    %pushi/vec4 1, 0, 1;
    %store/vec4 v0x57648861ca60_0, 0, 1;
    %pushi/vec4 0, 0, 1;
    %store/vec4 v0x57648861cb30_0, 0, 1;
    %delay 10, 0;
    %pushi/vec4 0, 0, 1;
    %store/vec4 v0x57648861c9a0_0, 0, 1;
    %pushi/vec4 1, 0, 1;
    %store/vec4 v0x57648861ca60_0, 0, 1;
    %pushi/vec4 1, 0, 1;
    %store/vec4 v0x57648861cb30_0, 0, 1;
    %delay 10, 0;
    %pushi/vec4 1, 0, 1;
    %store/vec4 v0x57648861c9a0_0, 0, 1;
    %pushi/vec4 0, 0, 1;
    %store/vec4 v0x57648861ca60_0, 0, 1;
    %pushi/vec4 0, 0, 1;
    %store/vec4 v0x57648861cb30_0, 0, 1;
    %delay 10, 0;
    %pushi/vec4 1, 0, 1;
    %store/vec4 v0x57648861c9a0_0, 0, 1;
    %pushi/vec4 0, 0, 1;
    %store/vec4 v0x57648861ca60_0, 0, 1;
    %pushi/vec4 1, 0, 1;
    %store/vec4 v0x57648861cb30_0, 0, 1;
    %delay 10, 0;
    %pushi/vec4 1, 0, 1;
    %store/vec4 v0x57648861c9a0_0, 0, 1;
    %pushi/vec4 1, 0, 1;
    %store/vec4 v0x57648861ca60_0, 0, 1;
    %pushi/vec4 0, 0, 1;
    %store/vec4 v0x57648861cb30_0, 0, 1;
    %delay 10, 0;
    %pushi/vec4 1, 0, 1;
    %store/vec4 v0x57648861c9a0_0, 0, 1;
    %pushi/vec4 1, 0, 1;
    %store/vec4 v0x57648861ca60_0, 0, 1;
    %pushi/vec4 1, 0, 1;
    %store/vec4 v0x57648861cb30_0, 0, 1;
    %delay 10, 0;
    %vpi_call 2 26 "$finish" {0 0 0};
    %end;
    .thread T_0;
# The file index is used to find the file name in the following table.
:file_names 4;
    "N/A";
    "<interactive>";
    "tb_full_adder.v";
    "full_adder.v";
