#! /usr/bin/vvp
:ivl_version "12.0 (stable)";
:ivl_delay_selection "TYPICAL";
:vpi_time_precision - 12;
:vpi_module "/usr/lib/x86_64-linux-gnu/ivl/system.vpi";
:vpi_module "/usr/lib/x86_64-linux-gnu/ivl/vhdl_sys.vpi";
:vpi_module "/usr/lib/x86_64-linux-gnu/ivl/vhdl_textio.vpi";
:vpi_module "/usr/lib/x86_64-linux-gnu/ivl/v2005_math.vpi";
:vpi_module "/usr/lib/x86_64-linux-gnu/ivl/va_math.vpi";
S_0x5f3d438f4be0 .scope module, "tb_half_adder" "tb_half_adder" 2 2;
 .timescale -9 -12;
v0x5f3d439056f0_0 .var "A", 0 0;
v0x5f3d439057b0_0 .var "B", 0 0;
v0x5f3d43905880_0 .net "Carry", 0 0, L_0x5f3d43905bb0;  1 drivers
v0x5f3d43905980_0 .net "Sum", 0 0, L_0x5f3d43905a50;  1 drivers
S_0x5f3d438f4d70 .scope module, "uut" "half_adder" 2 6, 3 1 0, S_0x5f3d438f4be0;
 .timescale -9 -12;
    .port_info 0 /INPUT 1 "A";
    .port_info 1 /INPUT 1 "B";
    .port_info 2 /OUTPUT 1 "Sum";
    .port_info 3 /OUTPUT 1 "Carry";
L_0x5f3d43905a50 .functor XOR 1, v0x5f3d439056f0_0, v0x5f3d439057b0_0, C4<0>, C4<0>;
L_0x5f3d43905bb0 .functor AND 1, v0x5f3d439056f0_0, v0x5f3d439057b0_0, C4<1>, C4<1>;
v0x5f3d438f4fc0_0 .net "A", 0 0, v0x5f3d439056f0_0;  1 drivers
v0x5f3d439053f0_0 .net "B", 0 0, v0x5f3d439057b0_0;  1 drivers
v0x5f3d439054b0_0 .net "Carry", 0 0, L_0x5f3d43905bb0;  alias, 1 drivers
v0x5f3d43905580_0 .net "Sum", 0 0, L_0x5f3d43905a50;  alias, 1 drivers
    .scope S_0x5f3d438f4be0;
T_0 ;
    %vpi_call 2 14 "$dumpfile", "half_adder.vcd" {0 0 0};
    %vpi_call 2 15 "$dumpvars", 32'sb00000000000000000000000000000000, S_0x5f3d438f4be0 {0 0 0};
    %pushi/vec4 0, 0, 1;
    %store/vec4 v0x5f3d439056f0_0, 0, 1;
    %pushi/vec4 0, 0, 1;
    %store/vec4 v0x5f3d439057b0_0, 0, 1;
    %delay 10000, 0;
    %pushi/vec4 0, 0, 1;
    %store/vec4 v0x5f3d439056f0_0, 0, 1;
    %pushi/vec4 1, 0, 1;
    %store/vec4 v0x5f3d439057b0_0, 0, 1;
    %delay 10000, 0;
    %pushi/vec4 1, 0, 1;
    %store/vec4 v0x5f3d439056f0_0, 0, 1;
    %pushi/vec4 0, 0, 1;
    %store/vec4 v0x5f3d439057b0_0, 0, 1;
    %delay 10000, 0;
    %pushi/vec4 1, 0, 1;
    %store/vec4 v0x5f3d439056f0_0, 0, 1;
    %pushi/vec4 1, 0, 1;
    %store/vec4 v0x5f3d439057b0_0, 0, 1;
    %delay 10000, 0;
    %vpi_call 2 23 "$finish" {0 0 0};
    %end;
    .thread T_0;
# The file index is used to find the file name in the following table.
:file_names 4;
    "N/A";
    "<interactive>";
    "tb_half_adder.v";
    "half_adder.v";
